[2018-01-12 10:29:16] production.ERROR: No application encryption key has been specified. {"exception":"[object] (RuntimeException(code: 0): No application encryption key has been specified. at E:\\xampp\\htdocs\\laravelbasicwebsite\\vendor\\laravel\\framework\\src\\Illuminate\\Encryption\\EncryptionServiceProvider.php:42)
[stacktrace]
#0 E:\\xampp\\htdocs\\laravelbasicwebsite\\vendor\\laravel\\framework\\src\\Illuminate\\Support\\helpers.php(1035): Illuminate\\Encryption\\EncryptionServiceProvider->Illuminate\\Encryption\\{closure}(NULL)
#1 E:\\xampp\\htdocs\\laravelbasicwebsite\\vendor\\laravel\\framework\\src\\Illuminate\\Encryption\\EncryptionServiceProvider.php(46): tap(NULL, Object(Closure))
#2 E:\\xampp\\htdocs\\laravelbasicwebsite\\vendor\\laravel\\framework\\src\\Illuminate\\Encryption\\EncryptionServiceProvider.php(24): Illuminate\\Encryption\\EncryptionServiceProvider->key(Array)
#3 E:\\xampp\\htdocs\\laravelbasicwebsite\\vendor\\laravel\\framework\\src\\Illuminate\\Container\\Container.php(749): Illuminate\\Encryption\\EncryptionServiceProvider->Illuminate\\Encryption\\{closure}(Object(Illuminate\\Foundation\\Application), Array)
#4 E:\\xampp\\htdocs\\laravelbasicwebsite\\vendor\\laravel\\framework\\src\\Illuminate\\Container\\Container.php(631): Illuminate\\Container\\Container->build(Object(Closure))
#5 E:\\xampp\\htdocs\\laravelbasicwebsite\\vendor\\laravel\\framework\\src\\Illuminate\\Container\\Container.php(586): Illuminate\\Container\\Container->resolve('encrypter', Array)
#6 E:\\xampp\\htdocs\\laravelbasicwebsite\\vendor\\laravel\\framework\\src\\Illuminate\\Foundation\\Application.php(732): Illuminate\\Container\\Container->make('encrypter', Array)
#7 E:\\xampp\\htdocs\\laravelbasicwebsite\\vendor\\laravel\\framework\\src\\Illuminate\\Container\\Container.php(885): Illuminate\\Foundation\\Application->make('encrypter')
#8 E:\\xampp\\htdocs\\laravelbasicwebsite\\vendor\\laravel\\framework\\src\\Illuminate\\Container\\Container.php(813): Illuminate\\Container\\Container->resolveClass(Object(ReflectionParameter))
#9 E:\\xampp\\htdocs\\laravelbasicwebsite\\vendor\\laravel\\framework\\src\\Illuminate\\Container\\Container.php(780): Illuminate\\Container\\Container->resolveDependencies(Array)
#10 E:\\xampp\\htdocs\\laravelbasicwebsite\\vendor\\laravel\\framework\\src\\Illuminate\\Container\\Container.php(631): Illuminate\\Container\\Container->build('App\\\\Http\\\\Middle...')
#11 E:\\xampp\\htdocs\\laravelbasicwebsite\\vendor\\laravel\\framework\\src\\Illuminate\\Container\\Container.php(586): Illuminate\\Container\\Container->resolve('App\\\\Http\\\\Middle...', Array)
#12 E:\\xampp\\htdocs\\laravelbasicwebsite\\vendor\\laravel\\framework\\src\\Illuminate\\Foundation\\Application.php(732): Illuminate\\Container\\Container->make('App\\\\Http\\\\Middle...', Array)
#13 E:\\xampp\\htdocs\\laravelbasicwebsite\\vendor\\laravel\\framework\\src\\Illuminate\\Pipeline\\Pipeline.php(138): Illuminate\\Foundation\\Application->make('App\\\\Http\\\\Middle...')
#14 E:\\xampp\\htdocs\\laravelbasicwebsite\\vendor\\laravel\\framework\\src\\Illuminate\\Routing\\Pipeline.php(53): Illuminate\\Pipeline\\Pipeline->Illuminate\\Pipeline\\{closure}(Object(Illuminate\\Http\\Request))
#15 E:\\xampp\\htdocs\\laravelbasicwebsite\\vendor\\laravel\\framework\\src\\Illuminate\\Pipeline\\Pipeline.php(102): Illuminate\\Routing\\Pipeline->Illuminate\\Routing\\{closure}(Object(Illuminate\\Http\\Request))
#16 E:\\xampp\\htdocs\\laravelbasicwebsite\\vendor\\laravel\\framework\\src\\Illuminate\\Routing\\Router.php(660): Illuminate\\Pipeline\\Pipeline->then(Object(Closure))
#17 E:\\xampp\\htdocs\\laravelbasicwebsite\\vendor\\laravel\\framework\\src\\Illuminate\\Routing\\Router.php(635): Illuminate\\Routing\\Router->runRouteWithinStack(Object(Illuminate\\Routing\\Route), Object(Illuminate\\Http\\Request))
#18 E:\\xampp\\htdocs\\laravelbasicwebsite\\vendor\\laravel\\framework\\src\\Illuminate\\Routing\\Router.php(601): Illuminate\\Routing\\Router->runRoute(Object(Illuminate\\Http\\Request), Object(Illuminate\\Routing\\Route))
#19 E:\\xampp\\htdocs\\laravelbasicwebsite\\vendor\\laravel\\framework\\src\\Illuminate\\Routing\\Router.php(590): Illuminate\\Routing\\Router->dispatchToRoute(Object(Illuminate\\Http\\Request))
#20 E:\\xampp\\htdocs\\laravelbasicwebsite\\vendor\\laravel\\framework\\src\\Illuminate\\Foundation\\Http\\Kernel.php(176): Illuminate\\Routing\\Router->dispatch(Object(Illuminate\\Http\\Request))
#21 E:\\xampp\\htdocs\\laravelbasicwebsite\\vendor\\laravel\\framework\\src\\Illuminate\\Routing\\Pipeline.php(30): Illuminate\\Foundation\\Http\\Kernel->Illuminate\\Foundation\\Http\\{closure}(Object(Illuminate\\Http\\Request))
#22 E:\\xampp\\htdocs\\laravelbasicwebsite\\vendor\\fideloper\\proxy\\src\\TrustProxies.php(56): Illuminate\\Routing\\Pipeline->Illuminate\\Routing\\{closure}(Object(Illuminate\\Http\\Request))
#23 E:\\xampp\\htdocs\\laravelbasicwebsite\\vendor\\laravel\\framework\\src\\Illuminate\\Pipeline\\Pipeline.php(149): Fideloper\\Proxy\\TrustProxies->handle(Object(Illuminate\\Http\\Request), Object(Closure))
#24 E:\\xampp\\htdocs\\laravelbasicwebsite\\vendor\\laravel\\framework\\src\\Illuminate\\Routing\\Pipeline.php(53): Illuminate\\Pipeline\\Pipeline->Illuminate\\Pipeline\\{closure}(Object(Illuminate\\Http\\Request))
#25 E:\\xampp\\htdocs\\laravelbasicwebsite\\vendor\\laravel\\framework\\src\\Illuminate\\Foundation\\Http\\Middleware\\TransformsRequest.php(30): Illuminate\\Routing\\Pipeline->Illuminate\\Routing\\{closure}(Object(Illuminate\\Http\\Request))
#26 E:\\xampp\\htdocs\\laravelbasicwebsite\\vendor\\laravel\\framework\\src\\Illuminate\\Pipeline\\Pipeline.php(149): Illuminate\\Foundation\\Http\\Middleware\\TransformsRequest->handle(Object(Illuminate\\Http\\Request), Object(Closure))
#27 E:\\xampp\\htdocs\\laravelbasicwebsite\\vendor\\laravel\\framework\\src\\Illuminate\\Routing\\Pipeline.php(53): Illuminate\\Pipeline\\Pipeline->Illuminate\\Pipeline\\{closure}(Object(Illuminate\\Http\\Request))
#28 E:\\xampp\\htdocs\\laravelbasicwebsite\\vendor\\laravel\\framework\\src\\Illuminate\\Foundation\\Http\\Middleware\\TransformsRequest.php(30): Illuminate\\Routing\\Pipeline->Illuminate\\Routing\\{closure}(Object(Illuminate\\Http\\Request))
#29 E:\\xampp\\htdocs\\laravelbasicwebsite\\vendor\\laravel\\framework\\src\\Illuminate\\Pipeline\\Pipeline.php(149): Illuminate\\Foundation\\Http\\Middleware\\TransformsRequest->handle(Object(Illuminate\\Http\\Request), Object(Closure))
#30 E:\\xampp\\htdocs\\laravelbasicwebsite\\vendor\\laravel\\framework\\src\\Illuminate\\Routing\\Pipeline.php(53): Illuminate\\Pipeline\\Pipeline->Illuminate\\Pipeline\\{closure}(Object(Illuminate\\Http\\Request))
#31 E:\\xampp\\htdocs\\laravelbasicwebsite\\vendor\\laravel\\framework\\src\\Illuminate\\Foundation\\Http\\Middleware\\ValidatePostSize.php(27): Illuminate\\Routing\\Pipeline->Illuminate\\Routing\\{closure}(Object(Illuminate\\Http\\Request))
#32 E:\\xampp\\htdocs\\laravelbasicwebsite\\vendor\\laravel\\framework\\src\\Illuminate\\Pipeline\\Pipeline.php(149): Illuminate\\Foundation\\Http\\Middleware\\ValidatePostSize->handle(Object(Illuminate\\Http\\Request), Object(Closure))
#33 E:\\xampp\\htdocs\\laravelbasicwebsite\\vendor\\laravel\\framework\\src\\Illuminate\\Routing\\Pipeline.php(53): Illuminate\\Pipeline\\Pipeline->Illuminate\\Pipeline\\{closure}(Object(Illuminate\\Http\\Request))
#34 E:\\xampp\\htdocs\\laravelbasicwebsite\\vendor\\laravel\\framework\\src\\Illuminate\\Foundation\\Http\\Middleware\\CheckForMaintenanceMode.php(46): Illuminate\\Routing\\Pipeline->Illuminate\\Routing\\{closure}(Object(Illuminate\\Http\\Request))
#35 E:\\xampp\\htdocs\\laravelbasicwebsite\\vendor\\laravel\\framework\\src\\Illuminate\\Pipeline\\Pipeline.php(149): Illuminate\\Foundation\\Http\\Middleware\\CheckForMaintenanceMode->handle(Object(Illuminate\\Http\\Request), Object(Closure))
#36 E:\\xampp\\htdocs\\laravelbasicwebsite\\vendor\\laravel\\framework\\src\\Illuminate\\Routing\\Pipeline.php(53): Illuminate\\Pipeline\\Pipeline->Illuminate\\Pipeline\\{closure}(Object(Illuminate\\Http\\Request))
#37 E:\\xampp\\htdocs\\laravelbasicwebsite\\vendor\\laravel\\framework\\src\\Illuminate\\Pipeline\\Pipeline.php(102): Illuminate\\Routing\\Pipeline->Illuminate\\Routing\\{closure}(Object(Illuminate\\Http\\Request))
#38 E:\\xampp\\htdocs\\laravelbasicwebsite\\vendor\\laravel\\framework\\src\\Illuminate\\Foundation\\Http\\Kernel.php(151): Illuminate\\Pipeline\\Pipeline->then(Object(Closure))
#39 E:\\xampp\\htdocs\\laravelbasicwebsite\\vendor\\laravel\\framework\\src\\Illuminate\\Foundation\\Http\\Kernel.php(116): Illuminate\\Foundation\\Http\\Kernel->sendRequestThroughRouter(Object(Illuminate\\Http\\Request))
#40 E:\\xampp\\htdocs\\laravelbasicwebsite\\public\\index.php(55): Illuminate\\Foundation\\Http\\Kernel->handle(Object(Illuminate\\Http\\Request))
#41 {main}
"} 
[2018-01-12 10:29:16] production.ERROR: No application encryption key has been specified. {"exception":"[object] (RuntimeException(code: 0): No application encryption key has been specified. at E:\\xampp\\htdocs\\laravelbasicwebsite\\vendor\\laravel\\framework\\src\\Illuminate\\Encryption\\EncryptionServiceProvider.php:42)
[stacktrace]
#0 E:\\xampp\\htdocs\\laravelbasicwebsite\\vendor\\laravel\\framework\\src\\Illuminate\\Support\\helpers.php(1035): Illuminate\\Encryption\\EncryptionServiceProvider->Illuminate\\Encryption\\{closure}(NULL)
#1 E:\\xampp\\htdocs\\laravelbasicwebsite\\vendor\\laravel\\framework\\src\\Illuminate\\Encryption\\EncryptionServiceProvider.php(46): tap(NULL, Object(Closure))
#2 E:\\xampp\\htdocs\\laravelbasicwebsite\\vendor\\laravel\\framework\\src\\Illuminate\\Encryption\\EncryptionServiceProvider.php(24): Illuminate\\Encryption\\EncryptionServiceProvider->key(Array)
#3 E:\\xampp\\htdocs\\laravelbasicwebsite\\vendor\\laravel\\framework\\src\\Illuminate\\Container\\Container.php(749): Illuminate\\Encryption\\EncryptionServiceProvider->Illuminate\\Encryption\\{closure}(Object(Illuminate\\Foundation\\Application), Array)
#4 E:\\xampp\\htdocs\\laravelbasicwebsite\\vendor\\laravel\\framework\\src\\Illuminate\\Container\\Container.php(631): Illuminate\\Container\\Container->build(Object(Closure))
#5 E:\\xampp\\htdocs\\laravelbasicwebsite\\vendor\\laravel\\framework\\src\\Illuminate\\Container\\Container.php(586): Illuminate\\Container\\Container->resolve('encrypter', Array)
#6 E:\\xampp\\htdocs\\laravelbasicwebsite\\vendor\\laravel\\framework\\src\\Illuminate\\Foundation\\Application.php(732): Illuminate\\Container\\Container->make('encrypter', Array)
#7 E:\\xampp\\htdocs\\laravelbasicwebsite\\vendor\\laravel\\framework\\src\\Illuminate\\Container\\Container.php(885): Illuminate\\Foundation\\Application->make('encrypter')
#8 E:\\xampp\\htdocs\\laravelbasicwebsite\\vendor\\laravel\\framework\\src\\Illuminate\\Container\\Container.php(813): Illuminate\\Container\\Container->resolveClass(Object(ReflectionParameter))
#9 E:\\xampp\\htdocs\\laravelbasicwebsite\\vendor\\laravel\\framework\\src\\Illuminate\\Container\\Container.php(780): Illuminate\\Container\\Container->resolveDependencies(Array)
#10 E:\\xampp\\htdocs\\laravelbasicwebsite\\vendor\\laravel\\framework\\src\\Illuminate\\Container\\Container.php(631): Illuminate\\Container\\Container->build('App\\\\Http\\\\Middle...')
#11 E:\\xampp\\htdocs\\laravelbasicwebsite\\vendor\\laravel\\framework\\src\\Illuminate\\Container\\Container.php(586): Illuminate\\Container\\Container->resolve('App\\\\Http\\\\Middle...', Array)
#12 E:\\xampp\\htdocs\\laravelbasicwebsite\\vendor\\laravel\\framework\\src\\Illuminate\\Foundation\\Application.php(732): Illuminate\\Container\\Container->make('App\\\\Http\\\\Middle...', Array)
#13 E:\\xampp\\htdocs\\laravelbasicwebsite\\vendor\\laravel\\framework\\src\\Illuminate\\Foundation\\Http\\Kernel.php(215): Illuminate\\Foundation\\Application->make('App\\\\Http\\\\Middle...')
#14 E:\\xampp\\htdocs\\laravelbasicwebsite\\vendor\\laravel\\framework\\src\\Illuminate\\Foundation\\Http\\Kernel.php(189): Illuminate\\Foundation\\Http\\Kernel->terminateMiddleware(Object(Illuminate\\Http\\Request), Object(Illuminate\\Http\\Response))
#15 E:\\xampp\\htdocs\\laravelbasicwebsite\\public\\index.php(60): Illuminate\\Foundation\\Http\\Kernel->terminate(Object(Illuminate\\Http\\Request), Object(Illuminate\\Http\\Response))
#16 {main}
"} 
[2018-01-12 10:29:28] production.ERROR: No application encryption key has been specified. {"exception":"[object] (RuntimeException(code: 0): No application encryption key has been specified. at E:\\xampp\\htdocs\\laravelbasicwebsite\\vendor\\laravel\\framework\\src\\Illuminate\\Encryption\\EncryptionServiceProvider.php:42)
[stacktrace]
#0 E:\\xampp\\htdocs\\laravelbasicwebsite\\vendor\\laravel\\framework\\src\\Illuminate\\Support\\helpers.php(1035): Illuminate\\Encryption\\EncryptionServiceProvider->Illuminate\\Encryption\\{closure}(NULL)
#1 E:\\xampp\\htdocs\\laravelbasicwebsite\\vendor\\laravel\\framework\\src\\Illuminate\\Encryption\\EncryptionServiceProvider.php(46): tap(NULL, Object(Closure))
#2 E:\\xampp\\htdocs\\laravelbasicwebsite\\vendor\\laravel\\framework\\src\\Illuminate\\Encryption\\EncryptionServiceProvider.php(24): Illuminate\\Encryption\\EncryptionServiceProvider->key(Array)
#3 E:\\xampp\\htdocs\\laravelbasicwebsite\\vendor\\laravel\\framework\\src\\Illuminate\\Container\\Container.php(749): Illuminate\\Encryption\\EncryptionServiceProvider->Illuminate\\Encryption\\{closure}(Object(Illuminate\\Foundation\\Application), Array)
#4 E:\\xampp\\htdocs\\laravelbasicwebsite\\vendor\\laravel\\framework\\src\\Illuminate\\Container\\Container.php(631): Illuminate\\Container\\Container->build(Object(Closure))
#5 E:\\xampp\\htdocs\\laravelbasicwebsite\\vendor\\laravel\\framework\\src\\Illuminate\\Container\\Container.php(586): Illuminate\\Container\\Container->resolve('encrypter', Array)
#6 E:\\xampp\\htdocs\\laravelbasicwebsite\\vendor\\laravel\\framework\\src\\Illuminate\\Foundation\\Application.php(732): Illuminate\\Container\\Container->make('encrypter', Array)
#7 E:\\xampp\\htdocs\\laravelbasicwebsite\\vendor\\laravel\\framework\\src\\Illuminate\\Container\\Container.php(885): Illuminate\\Foundation\\Application->make('encrypter')
#8 E:\\xampp\\htdocs\\laravelbasicwebsite\\vendor\\laravel\\framework\\src\\Illuminate\\Container\\Container.php(813): Illuminate\\Container\\Container->resolveClass(Object(ReflectionParameter))
#9 E:\\xampp\\htdocs\\laravelbasicwebsite\\vendor\\laravel\\framework\\src\\Illuminate\\Container\\Container.php(780): Illuminate\\Container\\Container->resolveDependencies(Array)
#10 E:\\xampp\\htdocs\\laravelbasicwebsite\\vendor\\laravel\\framework\\src\\Illuminate\\Container\\Container.php(631): Illuminate\\Container\\Container->build('App\\\\Http\\\\Middle...')
#11 E:\\xampp\\htdocs\\laravelbasicwebsite\\vendor\\laravel\\framework\\src\\Illuminate\\Container\\Container.php(586): Illuminate\\Container\\Container->resolve('App\\\\Http\\\\Middle...', Array)
#12 E:\\xampp\\htdocs\\laravelbasicwebsite\\vendor\\laravel\\framework\\src\\Illuminate\\Foundation\\Application.php(732): Illuminate\\Container\\Container->make('App\\\\Http\\\\Middle...', Array)
#13 E:\\xampp\\htdocs\\laravelbasicwebsite\\vendor\\laravel\\framework\\src\\Illuminate\\Pipeline\\Pipeline.php(138): Illuminate\\Foundation\\Application->make('App\\\\Http\\\\Middle...')
#14 E:\\xampp\\htdocs\\laravelbasicwebsite\\vendor\\laravel\\framework\\src\\Illuminate\\Routing\\Pipeline.php(53): Illuminate\\Pipeline\\Pipeline->Illuminate\\Pipeline\\{closure}(Object(Illuminate\\Http\\Request))
#15 E:\\xampp\\htdocs\\laravelbasicwebsite\\vendor\\laravel\\framework\\src\\Illuminate\\Pipeline\\Pipeline.php(102): Illuminate\\Routing\\Pipeline->Illuminate\\Routing\\{closure}(Object(Illuminate\\Http\\Request))
#16 E:\\xampp\\htdocs\\laravelbasicwebsite\\vendor\\laravel\\framework\\src\\Illuminate\\Routing\\Router.php(660): Illuminate\\Pipeline\\Pipeline->then(Object(Closure))
#17 E:\\xampp\\htdocs\\laravelbasicwebsite\\vendor\\laravel\\framework\\src\\Illuminate\\Routing\\Router.php(635): Illuminate\\Routing\\Router->runRouteWithinStack(Object(Illuminate\\Routing\\Route), Object(Illuminate\\Http\\Request))
#18 E:\\xampp\\htdocs\\laravelbasicwebsite\\vendor\\laravel\\framework\\src\\Illuminate\\Routing\\Router.php(601): Illuminate\\Routing\\Router->runRoute(Object(Illuminate\\Http\\Request), Object(Illuminate\\Routing\\Route))
#19 E:\\xampp\\htdocs\\laravelbasicwebsite\\vendor\\laravel\\framework\\src\\Illuminate\\Routing\\Router.php(590): Illuminate\\Routing\\Router->dispatchToRoute(Object(Illuminate\\Http\\Request))
#20 E:\\xampp\\htdocs\\laravelbasicwebsite\\vendor\\laravel\\framework\\src\\Illuminate\\Foundation\\Http\\Kernel.php(176): Illuminate\\Routing\\Router->dispatch(Object(Illuminate\\Http\\Request))
#21 E:\\xampp\\htdocs\\laravelbasicwebsite\\vendor\\laravel\\framework\\src\\Illuminate\\Routing\\Pipeline.php(30): Illuminate\\Foundation\\Http\\Kernel->Illuminate\\Foundation\\Http\\{closure}(Object(Illuminate\\Http\\Request))
#22 E:\\xampp\\htdocs\\laravelbasicwebsite\\vendor\\fideloper\\proxy\\src\\TrustProxies.php(56): Illuminate\\Routing\\Pipeline->Illuminate\\Routing\\{closure}(Object(Illuminate\\Http\\Request))
#23 E:\\xampp\\htdocs\\laravelbasicwebsite\\vendor\\laravel\\framework\\src\\Illuminate\\Pipeline\\Pipeline.php(149): Fideloper\\Proxy\\TrustProxies->handle(Object(Illuminate\\Http\\Request), Object(Closure))
#24 E:\\xampp\\htdocs\\laravelbasicwebsite\\vendor\\laravel\\framework\\src\\Illuminate\\Routing\\Pipeline.php(53): Illuminate\\Pipeline\\Pipeline->Illuminate\\Pipeline\\{closure}(Object(Illuminate\\Http\\Request))
#25 E:\\xampp\\htdocs\\laravelbasicwebsite\\vendor\\laravel\\framework\\src\\Illuminate\\Foundation\\Http\\Middleware\\TransformsRequest.php(30): Illuminate\\Routing\\Pipeline->Illuminate\\Routing\\{closure}(Object(Illuminate\\Http\\Request))
#26 E:\\xampp\\htdocs\\laravelbasicwebsite\\vendor\\laravel\\framework\\src\\Illuminate\\Pipeline\\Pipeline.php(149): Illuminate\\Foundation\\Http\\Middleware\\TransformsRequest->handle(Object(Illuminate\\Http\\Request), Object(Closure))
#27 E:\\xampp\\htdocs\\laravelbasicwebsite\\vendor\\laravel\\framework\\src\\Illuminate\\Routing\\Pipeline.php(53): Illuminate\\Pipeline\\Pipeline->Illuminate\\Pipeline\\{closure}(Object(Illuminate\\Http\\Request))
#28 E:\\xampp\\htdocs\\laravelbasicwebsite\\vendor\\laravel\\framework\\src\\Illuminate\\Foundation\\Http\\Middleware\\TransformsRequest.php(30): Illuminate\\Routing\\Pipeline->Illuminate\\Routing\\{closure}(Object(Illuminate\\Http\\Request))
#29 E:\\xampp\\htdocs\\laravelbasicwebsite\\vendor\\laravel\\framework\\src\\Illuminate\\Pipeline\\Pipeline.php(149): Illuminate\\Foundation\\Http\\Middleware\\TransformsRequest->handle(Object(Illuminate\\Http\\Request), Object(Closure))
#30 E:\\xampp\\htdocs\\laravelbasicwebsite\\vendor\\laravel\\framework\\src\\Illuminate\\Routing\\Pipeline.php(53): Illuminate\\Pipeline\\Pipeline->Illuminate\\Pipeline\\{closure}(Object(Illuminate\\Http\\Request))
#31 E:\\xampp\\htdocs\\laravelbasicwebsite\\vendor\\laravel\\framework\\src\\Illuminate\\Foundation\\Http\\Middleware\\ValidatePostSize.php(27): Illuminate\\Routing\\Pipeline->Illuminate\\Routing\\{closure}(Object(Illuminate\\Http\\Request))
#32 E:\\xampp\\htdocs\\laravelbasicwebsite\\vendor\\laravel\\framework\\src\\Illuminate\\Pipeline\\Pipeline.php(149): Illuminate\\Foundation\\Http\\Middleware\\ValidatePostSize->handle(Object(Illuminate\\Http\\Request), Object(Closure))
#33 E:\\xampp\\htdocs\\laravelbasicwebsite\\vendor\\laravel\\framework\\src\\Illuminate\\Routing\\Pipeline.php(53): Illuminate\\Pipeline\\Pipeline->Illuminate\\Pipeline\\{closure}(Object(Illuminate\\Http\\Request))
#34 E:\\xampp\\htdocs\\laravelbasicwebsite\\vendor\\laravel\\framework\\src\\Illuminate\\Foundation\\Http\\Middleware\\CheckForMaintenanceMode.php(46): Illuminate\\Routing\\Pipeline->Illuminate\\Routing\\{closure}(Object(Illuminate\\Http\\Request))
#35 E:\\xampp\\htdocs\\laravelbasicwebsite\\vendor\\laravel\\framework\\src\\Illuminate\\Pipeline\\Pipeline.php(149): Illuminate\\Foundation\\Http\\Middleware\\CheckForMaintenanceMode->handle(Object(Illuminate\\Http\\Request), Object(Closure))
#36 E:\\xampp\\htdocs\\laravelbasicwebsite\\vendor\\laravel\\framework\\src\\Illuminate\\Routing\\Pipeline.php(53): Illuminate\\Pipeline\\Pipeline->Illuminate\\Pipeline\\{closure}(Object(Illuminate\\Http\\Request))
#37 E:\\xampp\\htdocs\\laravelbasicwebsite\\vendor\\laravel\\framework\\src\\Illuminate\\Pipeline\\Pipeline.php(102): Illuminate\\Routing\\Pipeline->Illuminate\\Routing\\{closure}(Object(Illuminate\\Http\\Request))
#38 E:\\xampp\\htdocs\\laravelbasicwebsite\\vendor\\laravel\\framework\\src\\Illuminate\\Foundation\\Http\\Kernel.php(151): Illuminate\\Pipeline\\Pipeline->then(Object(Closure))
#39 E:\\xampp\\htdocs\\laravelbasicwebsite\\vendor\\laravel\\framework\\src\\Illuminate\\Foundation\\Http\\Kernel.php(116): Illuminate\\Foundation\\Http\\Kernel->sendRequestThroughRouter(Object(Illuminate\\Http\\Request))
#40 E:\\xampp\\htdocs\\laravelbasicwebsite\\public\\index.php(55): Illuminate\\Foundation\\Http\\Kernel->handle(Object(Illuminate\\Http\\Request))
#41 {main}
"} 
[2018-01-12 10:29:28] production.ERROR: No application encryption key has been specified. {"exception":"[object] (RuntimeException(code: 0): No application encryption key has been specified. at E:\\xampp\\htdocs\\laravelbasicwebsite\\vendor\\laravel\\framework\\src\\Illuminate\\Encryption\\EncryptionServiceProvider.php:42)
[stacktrace]
#0 E:\\xampp\\htdocs\\laravelbasicwebsite\\vendor\\laravel\\framework\\src\\Illuminate\\Support\\helpers.php(1035): Illuminate\\Encryption\\EncryptionServiceProvider->Illuminate\\Encryption\\{closure}(NULL)
#1 E:\\xampp\\htdocs\\laravelbasicwebsite\\vendor\\laravel\\framework\\src\\Illuminate\\Encryption\\EncryptionServiceProvider.php(46): tap(NULL, Object(Closure))
#2 E:\\xampp\\htdocs\\laravelbasicwebsite\\vendor\\laravel\\framework\\src\\Illuminate\\Encryption\\EncryptionServiceProvider.php(24): Illuminate\\Encryption\\EncryptionServiceProvider->key(Array)
#3 E:\\xampp\\htdocs\\laravelbasicwebsite\\vendor\\laravel\\framework\\src\\Illuminate\\Container\\Container.php(749): Illuminate\\Encryption\\EncryptionServiceProvider->Illuminate\\Encryption\\{closure}(Object(Illuminate\\Foundation\\Application), Array)
#4 E:\\xampp\\htdocs\\laravelbasicwebsite\\vendor\\laravel\\framework\\src\\Illuminate\\Container\\Container.php(631): Illuminate\\Container\\Container->build(Object(Closure))
#5 E:\\xampp\\htdocs\\laravelbasicwebsite\\vendor\\laravel\\framework\\src\\Illuminate\\Container\\Container.php(586): Illuminate\\Container\\Container->resolve('encrypter', Array)
#6 E:\\xampp\\htdocs\\laravelbasicwebsite\\vendor\\laravel\\framework\\src\\Illuminate\\Foundation\\Application.php(732): Illuminate\\Container\\Container->make('encrypter', Array)
#7 E:\\xampp\\htdocs\\laravelbasicwebsite\\vendor\\laravel\\framework\\src\\Illuminate\\Container\\Container.php(885): Illuminate\\Foundation\\Application->make('encrypter')
#8 E:\\xampp\\htdocs\\laravelbasicwebsite\\vendor\\laravel\\framework\\src\\Illuminate\\Container\\Container.php(813): Illuminate\\Container\\Container->resolveClass(Object(ReflectionParameter))
#9 E:\\xampp\\htdocs\\laravelbasicwebsite\\vendor\\laravel\\framework\\src\\Illuminate\\Container\\Container.php(780): Illuminate\\Container\\Container->resolveDependencies(Array)
#10 E:\\xampp\\htdocs\\laravelbasicwebsite\\vendor\\laravel\\framework\\src\\Illuminate\\Container\\Container.php(631): Illuminate\\Container\\Container->build('App\\\\Http\\\\Middle...')
#11 E:\\xampp\\htdocs\\laravelbasicwebsite\\vendor\\laravel\\framework\\src\\Illuminate\\Container\\Container.php(586): Illuminate\\Container\\Container->resolve('App\\\\Http\\\\Middle...', Array)
#12 E:\\xampp\\htdocs\\laravelbasicwebsite\\vendor\\laravel\\framework\\src\\Illuminate\\Foundation\\Application.php(732): Illuminate\\Container\\Container->make('App\\\\Http\\\\Middle...', Array)
#13 E:\\xampp\\htdocs\\laravelbasicwebsite\\vendor\\laravel\\framework\\src\\Illuminate\\Foundation\\Http\\Kernel.php(215): Illuminate\\Foundation\\Application->make('App\\\\Http\\\\Middle...')
#14 E:\\xampp\\htdocs\\laravelbasicwebsite\\vendor\\laravel\\framework\\src\\Illuminate\\Foundation\\Http\\Kernel.php(189): Illuminate\\Foundation\\Http\\Kernel->terminateMiddleware(Object(Illuminate\\Http\\Request), Object(Illuminate\\Http\\Response))
#15 E:\\xampp\\htdocs\\laravelbasicwebsite\\public\\index.php(60): Illuminate\\Foundation\\Http\\Kernel->terminate(Object(Illuminate\\Http\\Request), Object(Illuminate\\Http\\Response))
#16 {main}
"} 
[2018-01-12 10:29:34] production.ERROR: No application encryption key has been specified. {"exception":"[object] (RuntimeException(code: 0): No application encryption key has been specified. at E:\\xampp\\htdocs\\laravelbasicwebsite\\vendor\\laravel\\framework\\src\\Illuminate\\Encryption\\EncryptionServiceProvider.php:42)
[stacktrace]
#0 E:\\xampp\\htdocs\\laravelbasicwebsite\\vendor\\laravel\\framework\\src\\Illuminate\\Support\\helpers.php(1035): Illuminate\\Encryption\\EncryptionServiceProvider->Illuminate\\Encryption\\{closure}(NULL)
#1 E:\\xampp\\htdocs\\laravelbasicwebsite\\vendor\\laravel\\framework\\src\\Illuminate\\Encryption\\EncryptionServiceProvider.php(46): tap(NULL, Object(Closure))
#2 E:\\xampp\\htdocs\\laravelbasicwebsite\\vendor\\laravel\\framework\\src\\Illuminate\\Encryption\\EncryptionServiceProvider.php(24): Illuminate\\Encryption\\EncryptionServiceProvider->key(Array)
#3 E:\\xampp\\htdocs\\laravelbasicwebsite\\vendor\\laravel\\framework\\src\\Illuminate\\Container\\Container.php(749): Illuminate\\Encryption\\EncryptionServiceProvider->Illuminate\\Encryption\\{closure}(Object(Illuminate\\Foundation\\Application), Array)
#4 E:\\xampp\\htdocs\\laravelbasicwebsite\\vendor\\laravel\\framework\\src\\Illuminate\\Container\\Container.php(631): Illuminate\\Container\\Container->build(Object(Closure))
#5 E:\\xampp\\htdocs\\laravelbasicwebsite\\vendor\\laravel\\framework\\src\\Illuminate\\Container\\Container.php(586): Illuminate\\Container\\Container->resolve('encrypter', Array)
#6 E:\\xampp\\htdocs\\laravelbasicwebsite\\vendor\\laravel\\framework\\src\\Illuminate\\Foundation\\Application.php(732): Illuminate\\Container\\Container->make('encrypter', Array)
#7 E:\\xampp\\htdocs\\laravelbasicwebsite\\vendor\\laravel\\framework\\src\\Illuminate\\Container\\Container.php(885): Illuminate\\Foundation\\Application->make('encrypter')
#8 E:\\xampp\\htdocs\\laravelbasicwebsite\\vendor\\laravel\\framework\\src\\Illuminate\\Container\\Container.php(813): Illuminate\\Container\\Container->resolveClass(Object(ReflectionParameter))
#9 E:\\xampp\\htdocs\\laravelbasicwebsite\\vendor\\laravel\\framework\\src\\Illuminate\\Container\\Container.php(780): Illuminate\\Container\\Container->resolveDependencies(Array)
#10 E:\\xampp\\htdocs\\laravelbasicwebsite\\vendor\\laravel\\framework\\src\\Illuminate\\Container\\Container.php(631): Illuminate\\Container\\Container->build('App\\\\Http\\\\Middle...')
#11 E:\\xampp\\htdocs\\laravelbasicwebsite\\vendor\\laravel\\framework\\src\\Illuminate\\Container\\Container.php(586): Illuminate\\Container\\Container->resolve('App\\\\Http\\\\Middle...', Array)
#12 E:\\xampp\\htdocs\\laravelbasicwebsite\\vendor\\laravel\\framework\\src\\Illuminate\\Foundation\\Application.php(732): Illuminate\\Container\\Container->make('App\\\\Http\\\\Middle...', Array)
#13 E:\\xampp\\htdocs\\laravelbasicwebsite\\vendor\\laravel\\framework\\src\\Illuminate\\Pipeline\\Pipeline.php(138): Illuminate\\Foundation\\Application->make('App\\\\Http\\\\Middle...')
#14 E:\\xampp\\htdocs\\laravelbasicwebsite\\vendor\\laravel\\framework\\src\\Illuminate\\Routing\\Pipeline.php(53): Illuminate\\Pipeline\\Pipeline->Illuminate\\Pipeline\\{closure}(Object(Illuminate\\Http\\Request))
#15 E:\\xampp\\htdocs\\laravelbasicwebsite\\vendor\\laravel\\framework\\src\\Illuminate\\Pipeline\\Pipeline.php(102): Illuminate\\Routing\\Pipeline->Illuminate\\Routing\\{closure}(Object(Illuminate\\Http\\Request))
#16 E:\\xampp\\htdocs\\laravelbasicwebsite\\vendor\\laravel\\framework\\src\\Illuminate\\Routing\\Router.php(660): Illuminate\\Pipeline\\Pipeline->then(Object(Closure))
#17 E:\\xampp\\htdocs\\laravelbasicwebsite\\vendor\\laravel\\framework\\src\\Illuminate\\Routing\\Router.php(635): Illuminate\\Routing\\Router->runRouteWithinStack(Object(Illuminate\\Routing\\Route), Object(Illuminate\\Http\\Request))
#18 E:\\xampp\\htdocs\\laravelbasicwebsite\\vendor\\laravel\\framework\\src\\Illuminate\\Routing\\Router.php(601): Illuminate\\Routing\\Router->runRoute(Object(Illuminate\\Http\\Request), Object(Illuminate\\Routing\\Route))
#19 E:\\xampp\\htdocs\\laravelbasicwebsite\\vendor\\laravel\\framework\\src\\Illuminate\\Routing\\Router.php(590): Illuminate\\Routing\\Router->dispatchToRoute(Object(Illuminate\\Http\\Request))
#20 E:\\xampp\\htdocs\\laravelbasicwebsite\\vendor\\laravel\\framework\\src\\Illuminate\\Foundation\\Http\\Kernel.php(176): Illuminate\\Routing\\Router->dispatch(Object(Illuminate\\Http\\Request))
#21 E:\\xampp\\htdocs\\laravelbasicwebsite\\vendor\\laravel\\framework\\src\\Illuminate\\Routing\\Pipeline.php(30): Illuminate\\Foundation\\Http\\Kernel->Illuminate\\Foundation\\Http\\{closure}(Object(Illuminate\\Http\\Request))
#22 E:\\xampp\\htdocs\\laravelbasicwebsite\\vendor\\fideloper\\proxy\\src\\TrustProxies.php(56): Illuminate\\Routing\\Pipeline->Illuminate\\Routing\\{closure}(Object(Illuminate\\Http\\Request))
#23 E:\\xampp\\htdocs\\laravelbasicwebsite\\vendor\\laravel\\framework\\src\\Illuminate\\Pipeline\\Pipeline.php(149): Fideloper\\Proxy\\TrustProxies->handle(Object(Illuminate\\Http\\Request), Object(Closure))
#24 E:\\xampp\\htdocs\\laravelbasicwebsite\\vendor\\laravel\\framework\\src\\Illuminate\\Routing\\Pipeline.php(53): Illuminate\\Pipeline\\Pipeline->Illuminate\\Pipeline\\{closure}(Object(Illuminate\\Http\\Request))
#25 E:\\xampp\\htdocs\\laravelbasicwebsite\\vendor\\laravel\\framework\\src\\Illuminate\\Foundation\\Http\\Middleware\\TransformsRequest.php(30): Illuminate\\Routing\\Pipeline->Illuminate\\Routing\\{closure}(Object(Illuminate\\Http\\Request))
#26 E:\\xampp\\htdocs\\laravelbasicwebsite\\vendor\\laravel\\framework\\src\\Illuminate\\Pipeline\\Pipeline.php(149): Illuminate\\Foundation\\Http\\Middleware\\TransformsRequest->handle(Object(Illuminate\\Http\\Request), Object(Closure))
#27 E:\\xampp\\htdocs\\laravelbasicwebsite\\vendor\\laravel\\framework\\src\\Illuminate\\Routing\\Pipeline.php(53): Illuminate\\Pipeline\\Pipeline->Illuminate\\Pipeline\\{closure}(Object(Illuminate\\Http\\Request))
#28 E:\\xampp\\htdocs\\laravelbasicwebsite\\vendor\\laravel\\framework\\src\\Illuminate\\Foundation\\Http\\Middleware\\TransformsRequest.php(30): Illuminate\\Routing\\Pipeline->Illuminate\\Routing\\{closure}(Object(Illuminate\\Http\\Request))
#29 E:\\xampp\\htdocs\\laravelbasicwebsite\\vendor\\laravel\\framework\\src\\Illuminate\\Pipeline\\Pipeline.php(149): Illuminate\\Foundation\\Http\\Middleware\\TransformsRequest->handle(Object(Illuminate\\Http\\Request), Object(Closure))
#30 E:\\xampp\\htdocs\\laravelbasicwebsite\\vendor\\laravel\\framework\\src\\Illuminate\\Routing\\Pipeline.php(53): Illuminate\\Pipeline\\Pipeline->Illuminate\\Pipeline\\{closure}(Object(Illuminate\\Http\\Request))
#31 E:\\xampp\\htdocs\\laravelbasicwebsite\\vendor\\laravel\\framework\\src\\Illuminate\\Foundation\\Http\\Middleware\\ValidatePostSize.php(27): Illuminate\\Routing\\Pipeline->Illuminate\\Routing\\{closure}(Object(Illuminate\\Http\\Request))
#32 E:\\xampp\\htdocs\\laravelbasicwebsite\\vendor\\laravel\\framework\\src\\Illuminate\\Pipeline\\Pipeline.php(149): Illuminate\\Foundation\\Http\\Middleware\\ValidatePostSize->handle(Object(Illuminate\\Http\\Request), Object(Closure))
#33 E:\\xampp\\htdocs\\laravelbasicwebsite\\vendor\\laravel\\framework\\src\\Illuminate\\Routing\\Pipeline.php(53): Illuminate\\Pipeline\\Pipeline->Illuminate\\Pipeline\\{closure}(Object(Illuminate\\Http\\Request))
#34 E:\\xampp\\htdocs\\laravelbasicwebsite\\vendor\\laravel\\framework\\src\\Illuminate\\Foundation\\Http\\Middleware\\CheckForMaintenanceMode.php(46): Illuminate\\Routing\\Pipeline->Illuminate\\Routing\\{closure}(Object(Illuminate\\Http\\Request))
#35 E:\\xampp\\htdocs\\laravelbasicwebsite\\vendor\\laravel\\framework\\src\\Illuminate\\Pipeline\\Pipeline.php(149): Illuminate\\Foundation\\Http\\Middleware\\CheckForMaintenanceMode->handle(Object(Illuminate\\Http\\Request), Object(Closure))
#36 E:\\xampp\\htdocs\\laravelbasicwebsite\\vendor\\laravel\\framework\\src\\Illuminate\\Routing\\Pipeline.php(53): Illuminate\\Pipeline\\Pipeline->Illuminate\\Pipeline\\{closure}(Object(Illuminate\\Http\\Request))
#37 E:\\xampp\\htdocs\\laravelbasicwebsite\\vendor\\laravel\\framework\\src\\Illuminate\\Pipeline\\Pipeline.php(102): Illuminate\\Routing\\Pipeline->Illuminate\\Routing\\{closure}(Object(Illuminate\\Http\\Request))
#38 E:\\xampp\\htdocs\\laravelbasicwebsite\\vendor\\laravel\\framework\\src\\Illuminate\\Foundation\\Http\\Kernel.php(151): Illuminate\\Pipeline\\Pipeline->then(Object(Closure))
#39 E:\\xampp\\htdocs\\laravelbasicwebsite\\vendor\\laravel\\framework\\src\\Illuminate\\Foundation\\Http\\Kernel.php(116): Illuminate\\Foundation\\Http\\Kernel->sendRequestThroughRouter(Object(Illuminate\\Http\\Request))
#40 E:\\xampp\\htdocs\\laravelbasicwebsite\\public\\index.php(55): Illuminate\\Foundation\\Http\\Kernel->handle(Object(Illuminate\\Http\\Request))
#41 {main}
"} 
[2018-01-12 10:29:34] production.ERROR: No application encryption key has been specified. {"exception":"[object] (RuntimeException(code: 0): No application encryption key has been specified. at E:\\xampp\\htdocs\\laravelbasicwebsite\\vendor\\laravel\\framework\\src\\Illuminate\\Encryption\\EncryptionServiceProvider.php:42)
[stacktrace]
#0 E:\\xampp\\htdocs\\laravelbasicwebsite\\vendor\\laravel\\framework\\src\\Illuminate\\Support\\helpers.php(1035): Illuminate\\Encryption\\EncryptionServiceProvider->Illuminate\\Encryption\\{closure}(NULL)
#1 E:\\xampp\\htdocs\\laravelbasicwebsite\\vendor\\laravel\\framework\\src\\Illuminate\\Encryption\\EncryptionServiceProvider.php(46): tap(NULL, Object(Closure))
#2 E:\\xampp\\htdocs\\laravelbasicwebsite\\vendor\\laravel\\framework\\src\\Illuminate\\Encryption\\EncryptionServiceProvider.php(24): Illuminate\\Encryption\\EncryptionServiceProvider->key(Array)
#3 E:\\xampp\\htdocs\\laravelbasicwebsite\\vendor\\laravel\\framework\\src\\Illuminate\\Container\\Container.php(749): Illuminate\\Encryption\\EncryptionServiceProvider->Illuminate\\Encryption\\{closure}(Object(Illuminate\\Foundation\\Application), Array)
#4 E:\\xampp\\htdocs\\laravelbasicwebsite\\vendor\\laravel\\framework\\src\\Illuminate\\Container\\Container.php(631): Illuminate\\Container\\Container->build(Object(Closure))
#5 E:\\xampp\\htdocs\\laravelbasicwebsite\\vendor\\laravel\\framework\\src\\Illuminate\\Container\\Container.php(586): Illuminate\\Container\\Container->resolve('encrypter', Array)
#6 E:\\xampp\\htdocs\\laravelbasicwebsite\\vendor\\laravel\\framework\\src\\Illuminate\\Foundation\\Application.php(732): Illuminate\\Container\\Container->make('encrypter', Array)
#7 E:\\xampp\\htdocs\\laravelbasicwebsite\\vendor\\laravel\\framework\\src\\Illuminate\\Container\\Container.php(885): Illuminate\\Foundation\\Application->make('encrypter')
#8 E:\\xampp\\htdocs\\laravelbasicwebsite\\vendor\\laravel\\framework\\src\\Illuminate\\Container\\Container.php(813): Illuminate\\Container\\Container->resolveClass(Object(ReflectionParameter))
#9 E:\\xampp\\htdocs\\laravelbasicwebsite\\vendor\\laravel\\framework\\src\\Illuminate\\Container\\Container.php(780): Illuminate\\Container\\Container->resolveDependencies(Array)
#10 E:\\xampp\\htdocs\\laravelbasicwebsite\\vendor\\laravel\\framework\\src\\Illuminate\\Container\\Container.php(631): Illuminate\\Container\\Container->build('App\\\\Http\\\\Middle...')
#11 E:\\xampp\\htdocs\\laravelbasicwebsite\\vendor\\laravel\\framework\\src\\Illuminate\\Container\\Container.php(586): Illuminate\\Container\\Container->resolve('App\\\\Http\\\\Middle...', Array)
#12 E:\\xampp\\htdocs\\laravelbasicwebsite\\vendor\\laravel\\framework\\src\\Illuminate\\Foundation\\Application.php(732): Illuminate\\Container\\Container->make('App\\\\Http\\\\Middle...', Array)
#13 E:\\xampp\\htdocs\\laravelbasicwebsite\\vendor\\laravel\\framework\\src\\Illuminate\\Foundation\\Http\\Kernel.php(215): Illuminate\\Foundation\\Application->make('App\\\\Http\\\\Middle...')
#14 E:\\xampp\\htdocs\\laravelbasicwebsite\\vendor\\laravel\\framework\\src\\Illuminate\\Foundation\\Http\\Kernel.php(189): Illuminate\\Foundation\\Http\\Kernel->terminateMiddleware(Object(Illuminate\\Http\\Request), Object(Illuminate\\Http\\Response))
#15 E:\\xampp\\htdocs\\laravelbasicwebsite\\public\\index.php(60): Illuminate\\Foundation\\Http\\Kernel->terminate(Object(Illuminate\\Http\\Request), Object(Illuminate\\Http\\Response))
#16 {main}
"} 
[2018-01-12 10:29:37] production.ERROR: No application encryption key has been specified. {"exception":"[object] (RuntimeException(code: 0): No application encryption key has been specified. at E:\\xampp\\htdocs\\laravelbasicwebsite\\vendor\\laravel\\framework\\src\\Illuminate\\Encryption\\EncryptionServiceProvider.php:42)
[stacktrace]
#0 E:\\xampp\\htdocs\\laravelbasicwebsite\\vendor\\laravel\\framework\\src\\Illuminate\\Support\\helpers.php(1035): Illuminate\\Encryption\\EncryptionServiceProvider->Illuminate\\Encryption\\{closure}(NULL)
#1 E:\\xampp\\htdocs\\laravelbasicwebsite\\vendor\\laravel\\framework\\src\\Illuminate\\Encryption\\EncryptionServiceProvider.php(46): tap(NULL, Object(Closure))
#2 E:\\xampp\\htdocs\\laravelbasicwebsite\\vendor\\laravel\\framework\\src\\Illuminate\\Encryption\\EncryptionServiceProvider.php(24): Illuminate\\Encryption\\EncryptionServiceProvider->key(Array)
#3 E:\\xampp\\htdocs\\laravelbasicwebsite\\vendor\\laravel\\framework\\src\\Illuminate\\Container\\Container.php(749): Illuminate\\Encryption\\EncryptionServiceProvider->Illuminate\\Encryption\\{closure}(Object(Illuminate\\Foundation\\Application), Array)
#4 E:\\xampp\\htdocs\\laravelbasicwebsite\\vendor\\laravel\\framework\\src\\Illuminate\\Container\\Container.php(631): Illuminate\\Container\\Container->build(Object(Closure))
#5 E:\\xampp\\htdocs\\laravelbasicwebsite\\vendor\\laravel\\framework\\src\\Illuminate\\Container\\Container.php(586): Illuminate\\Container\\Container->resolve('encrypter', Array)
#6 E:\\xampp\\htdocs\\laravelbasicwebsite\\vendor\\laravel\\framework\\src\\Illuminate\\Foundation\\Application.php(732): Illuminate\\Container\\Container->make('encrypter', Array)
#7 E:\\xampp\\htdocs\\laravelbasicwebsite\\vendor\\laravel\\framework\\src\\Illuminate\\Container\\Container.php(885): Illuminate\\Foundation\\Application->make('encrypter')
#8 E:\\xampp\\htdocs\\laravelbasicwebsite\\vendor\\laravel\\framework\\src\\Illuminate\\Container\\Container.php(813): Illuminate\\Container\\Container->resolveClass(Object(ReflectionParameter))
#9 E:\\xampp\\htdocs\\laravelbasicwebsite\\vendor\\laravel\\framework\\src\\Illuminate\\Container\\Container.php(780): Illuminate\\Container\\Container->resolveDependencies(Array)
#10 E:\\xampp\\htdocs\\laravelbasicwebsite\\vendor\\laravel\\framework\\src\\Illuminate\\Container\\Container.php(631): Illuminate\\Container\\Container->build('App\\\\Http\\\\Middle...')
#11 E:\\xampp\\htdocs\\laravelbasicwebsite\\vendor\\laravel\\framework\\src\\Illuminate\\Container\\Container.php(586): Illuminate\\Container\\Container->resolve('App\\\\Http\\\\Middle...', Array)
#12 E:\\xampp\\htdocs\\laravelbasicwebsite\\vendor\\laravel\\framework\\src\\Illuminate\\Foundation\\Application.php(732): Illuminate\\Container\\Container->make('App\\\\Http\\\\Middle...', Array)
#13 E:\\xampp\\htdocs\\laravelbasicwebsite\\vendor\\laravel\\framework\\src\\Illuminate\\Pipeline\\Pipeline.php(138): Illuminate\\Foundation\\Application->make('App\\\\Http\\\\Middle...')
#14 E:\\xampp\\htdocs\\laravelbasicwebsite\\vendor\\laravel\\framework\\src\\Illuminate\\Routing\\Pipeline.php(53): Illuminate\\Pipeline\\Pipeline->Illuminate\\Pipeline\\{closure}(Object(Illuminate\\Http\\Request))
#15 E:\\xampp\\htdocs\\laravelbasicwebsite\\vendor\\laravel\\framework\\src\\Illuminate\\Pipeline\\Pipeline.php(102): Illuminate\\Routing\\Pipeline->Illuminate\\Routing\\{closure}(Object(Illuminate\\Http\\Request))
#16 E:\\xampp\\htdocs\\laravelbasicwebsite\\vendor\\laravel\\framework\\src\\Illuminate\\Routing\\Router.php(660): Illuminate\\Pipeline\\Pipeline->then(Object(Closure))
#17 E:\\xampp\\htdocs\\laravelbasicwebsite\\vendor\\laravel\\framework\\src\\Illuminate\\Routing\\Router.php(635): Illuminate\\Routing\\Router->runRouteWithinStack(Object(Illuminate\\Routing\\Route), Object(Illuminate\\Http\\Request))
#18 E:\\xampp\\htdocs\\laravelbasicwebsite\\vendor\\laravel\\framework\\src\\Illuminate\\Routing\\Router.php(601): Illuminate\\Routing\\Router->runRoute(Object(Illuminate\\Http\\Request), Object(Illuminate\\Routing\\Route))
#19 E:\\xampp\\htdocs\\laravelbasicwebsite\\vendor\\laravel\\framework\\src\\Illuminate\\Routing\\Router.php(590): Illuminate\\Routing\\Router->dispatchToRoute(Object(Illuminate\\Http\\Request))
#20 E:\\xampp\\htdocs\\laravelbasicwebsite\\vendor\\laravel\\framework\\src\\Illuminate\\Foundation\\Http\\Kernel.php(176): Illuminate\\Routing\\Router->dispatch(Object(Illuminate\\Http\\Request))
#21 E:\\xampp\\htdocs\\laravelbasicwebsite\\vendor\\laravel\\framework\\src\\Illuminate\\Routing\\Pipeline.php(30): Illuminate\\Foundation\\Http\\Kernel->Illuminate\\Foundation\\Http\\{closure}(Object(Illuminate\\Http\\Request))
#22 E:\\xampp\\htdocs\\laravelbasicwebsite\\vendor\\fideloper\\proxy\\src\\TrustProxies.php(56): Illuminate\\Routing\\Pipeline->Illuminate\\Routing\\{closure}(Object(Illuminate\\Http\\Request))
#23 E:\\xampp\\htdocs\\laravelbasicwebsite\\vendor\\laravel\\framework\\src\\Illuminate\\Pipeline\\Pipeline.php(149): Fideloper\\Proxy\\TrustProxies->handle(Object(Illuminate\\Http\\Request), Object(Closure))
#24 E:\\xampp\\htdocs\\laravelbasicwebsite\\vendor\\laravel\\framework\\src\\Illuminate\\Routing\\Pipeline.php(53): Illuminate\\Pipeline\\Pipeline->Illuminate\\Pipeline\\{closure}(Object(Illuminate\\Http\\Request))
#25 E:\\xampp\\htdocs\\laravelbasicwebsite\\vendor\\laravel\\framework\\src\\Illuminate\\Foundation\\Http\\Middleware\\TransformsRequest.php(30): Illuminate\\Routing\\Pipeline->Illuminate\\Routing\\{closure}(Object(Illuminate\\Http\\Request))
#26 E:\\xampp\\htdocs\\laravelbasicwebsite\\vendor\\laravel\\framework\\src\\Illuminate\\Pipeline\\Pipeline.php(149): Illuminate\\Foundation\\Http\\Middleware\\TransformsRequest->handle(Object(Illuminate\\Http\\Request), Object(Closure))
#27 E:\\xampp\\htdocs\\laravelbasicwebsite\\vendor\\laravel\\framework\\src\\Illuminate\\Routing\\Pipeline.php(53): Illuminate\\Pipeline\\Pipeline->Illuminate\\Pipeline\\{closure}(Object(Illuminate\\Http\\Request))
#28 E:\\xampp\\htdocs\\laravelbasicwebsite\\vendor\\laravel\\framework\\src\\Illuminate\\Foundation\\Http\\Middleware\\TransformsRequest.php(30): Illuminate\\Routing\\Pipeline->Illuminate\\Routing\\{closure}(Object(Illuminate\\Http\\Request))
#29 E:\\xampp\\htdocs\\laravelbasicwebsite\\vendor\\laravel\\framework\\src\\Illuminate\\Pipeline\\Pipeline.php(149): Illuminate\\Foundation\\Http\\Middleware\\TransformsRequest->handle(Object(Illuminate\\Http\\Request), Object(Closure))
#30 E:\\xampp\\htdocs\\laravelbasicwebsite\\vendor\\laravel\\framework\\src\\Illuminate\\Routing\\Pipeline.php(53): Illuminate\\Pipeline\\Pipeline->Illuminate\\Pipeline\\{closure}(Object(Illuminate\\Http\\Request))
#31 E:\\xampp\\htdocs\\laravelbasicwebsite\\vendor\\laravel\\framework\\src\\Illuminate\\Foundation\\Http\\Middleware\\ValidatePostSize.php(27): Illuminate\\Routing\\Pipeline->Illuminate\\Routing\\{closure}(Object(Illuminate\\Http\\Request))
#32 E:\\xampp\\htdocs\\laravelbasicwebsite\\vendor\\laravel\\framework\\src\\Illuminate\\Pipeline\\Pipeline.php(149): Illuminate\\Foundation\\Http\\Middleware\\ValidatePostSize->handle(Object(Illuminate\\Http\\Request), Object(Closure))
#33 E:\\xampp\\htdocs\\laravelbasicwebsite\\vendor\\laravel\\framework\\src\\Illuminate\\Routing\\Pipeline.php(53): Illuminate\\Pipeline\\Pipeline->Illuminate\\Pipeline\\{closure}(Object(Illuminate\\Http\\Request))
#34 E:\\xampp\\htdocs\\laravelbasicwebsite\\vendor\\laravel\\framework\\src\\Illuminate\\Foundation\\Http\\Middleware\\CheckForMaintenanceMode.php(46): Illuminate\\Routing\\Pipeline->Illuminate\\Routing\\{closure}(Object(Illuminate\\Http\\Request))
#35 E:\\xampp\\htdocs\\laravelbasicwebsite\\vendor\\laravel\\framework\\src\\Illuminate\\Pipeline\\Pipeline.php(149): Illuminate\\Foundation\\Http\\Middleware\\CheckForMaintenanceMode->handle(Object(Illuminate\\Http\\Request), Object(Closure))
#36 E:\\xampp\\htdocs\\laravelbasicwebsite\\vendor\\laravel\\framework\\src\\Illuminate\\Routing\\Pipeline.php(53): Illuminate\\Pipeline\\Pipeline->Illuminate\\Pipeline\\{closure}(Object(Illuminate\\Http\\Request))
#37 E:\\xampp\\htdocs\\laravelbasicwebsite\\vendor\\laravel\\framework\\src\\Illuminate\\Pipeline\\Pipeline.php(102): Illuminate\\Routing\\Pipeline->Illuminate\\Routing\\{closure}(Object(Illuminate\\Http\\Request))
#38 E:\\xampp\\htdocs\\laravelbasicwebsite\\vendor\\laravel\\framework\\src\\Illuminate\\Foundation\\Http\\Kernel.php(151): Illuminate\\Pipeline\\Pipeline->then(Object(Closure))
#39 E:\\xampp\\htdocs\\laravelbasicwebsite\\vendor\\laravel\\framework\\src\\Illuminate\\Foundation\\Http\\Kernel.php(116): Illuminate\\Foundation\\Http\\Kernel->sendRequestThroughRouter(Object(Illuminate\\Http\\Request))
#40 E:\\xampp\\htdocs\\laravelbasicwebsite\\public\\index.php(55): Illuminate\\Foundation\\Http\\Kernel->handle(Object(Illuminate\\Http\\Request))
#41 {main}
"} 
[2018-01-12 10:29:37] production.ERROR: No application encryption key has been specified. {"exception":"[object] (RuntimeException(code: 0): No application encryption key has been specified. at E:\\xampp\\htdocs\\laravelbasicwebsite\\vendor\\laravel\\framework\\src\\Illuminate\\Encryption\\EncryptionServiceProvider.php:42)
[stacktrace]
#0 E:\\xampp\\htdocs\\laravelbasicwebsite\\vendor\\laravel\\framework\\src\\Illuminate\\Support\\helpers.php(1035): Illuminate\\Encryption\\EncryptionServiceProvider->Illuminate\\Encryption\\{closure}(NULL)
#1 E:\\xampp\\htdocs\\laravelbasicwebsite\\vendor\\laravel\\framework\\src\\Illuminate\\Encryption\\EncryptionServiceProvider.php(46): tap(NULL, Object(Closure))
#2 E:\\xampp\\htdocs\\laravelbasicwebsite\\vendor\\laravel\\framework\\src\\Illuminate\\Encryption\\EncryptionServiceProvider.php(24): Illuminate\\Encryption\\EncryptionServiceProvider->key(Array)
#3 E:\\xampp\\htdocs\\laravelbasicwebsite\\vendor\\laravel\\framework\\src\\Illuminate\\Container\\Container.php(749): Illuminate\\Encryption\\EncryptionServiceProvider->Illuminate\\Encryption\\{closure}(Object(Illuminate\\Foundation\\Application), Array)
#4 E:\\xampp\\htdocs\\laravelbasicwebsite\\vendor\\laravel\\framework\\src\\Illuminate\\Container\\Container.php(631): Illuminate\\Container\\Container->build(Object(Closure))
#5 E:\\xampp\\htdocs\\laravelbasicwebsite\\vendor\\laravel\\framework\\src\\Illuminate\\Container\\Container.php(586): Illuminate\\Container\\Container->resolve('encrypter', Array)
#6 E:\\xampp\\htdocs\\laravelbasicwebsite\\vendor\\laravel\\framework\\src\\Illuminate\\Foundation\\Application.php(732): Illuminate\\Container\\Container->make('encrypter', Array)
#7 E:\\xampp\\htdocs\\laravelbasicwebsite\\vendor\\laravel\\framework\\src\\Illuminate\\Container\\Container.php(885): Illuminate\\Foundation\\Application->make('encrypter')
#8 E:\\xampp\\htdocs\\laravelbasicwebsite\\vendor\\laravel\\framework\\src\\Illuminate\\Container\\Container.php(813): Illuminate\\Container\\Container->resolveClass(Object(ReflectionParameter))
#9 E:\\xampp\\htdocs\\laravelbasicwebsite\\vendor\\laravel\\framework\\src\\Illuminate\\Container\\Container.php(780): Illuminate\\Container\\Container->resolveDependencies(Array)
#10 E:\\xampp\\htdocs\\laravelbasicwebsite\\vendor\\laravel\\framework\\src\\Illuminate\\Container\\Container.php(631): Illuminate\\Container\\Container->build('App\\\\Http\\\\Middle...')
#11 E:\\xampp\\htdocs\\laravelbasicwebsite\\vendor\\laravel\\framework\\src\\Illuminate\\Container\\Container.php(586): Illuminate\\Container\\Container->resolve('App\\\\Http\\\\Middle...', Array)
#12 E:\\xampp\\htdocs\\laravelbasicwebsite\\vendor\\laravel\\framework\\src\\Illuminate\\Foundation\\Application.php(732): Illuminate\\Container\\Container->make('App\\\\Http\\\\Middle...', Array)
#13 E:\\xampp\\htdocs\\laravelbasicwebsite\\vendor\\laravel\\framework\\src\\Illuminate\\Foundation\\Http\\Kernel.php(215): Illuminate\\Foundation\\Application->make('App\\\\Http\\\\Middle...')
#14 E:\\xampp\\htdocs\\laravelbasicwebsite\\vendor\\laravel\\framework\\src\\Illuminate\\Foundation\\Http\\Kernel.php(189): Illuminate\\Foundation\\Http\\Kernel->terminateMiddleware(Object(Illuminate\\Http\\Request), Object(Illuminate\\Http\\Response))
#15 E:\\xampp\\htdocs\\laravelbasicwebsite\\public\\index.php(60): Illuminate\\Foundation\\Http\\Kernel->terminate(Object(Illuminate\\Http\\Request), Object(Illuminate\\Http\\Response))
#16 {main}
"} 
[2018-01-12 10:29:41] production.ERROR: No application encryption key has been specified. {"exception":"[object] (RuntimeException(code: 0): No application encryption key has been specified. at E:\\xampp\\htdocs\\laravelbasicwebsite\\vendor\\laravel\\framework\\src\\Illuminate\\Encryption\\EncryptionServiceProvider.php:42)
[stacktrace]
#0 E:\\xampp\\htdocs\\laravelbasicwebsite\\vendor\\laravel\\framework\\src\\Illuminate\\Support\\helpers.php(1035): Illuminate\\Encryption\\EncryptionServiceProvider->Illuminate\\Encryption\\{closure}(NULL)
#1 E:\\xampp\\htdocs\\laravelbasicwebsite\\vendor\\laravel\\framework\\src\\Illuminate\\Encryption\\EncryptionServiceProvider.php(46): tap(NULL, Object(Closure))
#2 E:\\xampp\\htdocs\\laravelbasicwebsite\\vendor\\laravel\\framework\\src\\Illuminate\\Encryption\\EncryptionServiceProvider.php(24): Illuminate\\Encryption\\EncryptionServiceProvider->key(Array)
#3 E:\\xampp\\htdocs\\laravelbasicwebsite\\vendor\\laravel\\framework\\src\\Illuminate\\Container\\Container.php(749): Illuminate\\Encryption\\EncryptionServiceProvider->Illuminate\\Encryption\\{closure}(Object(Illuminate\\Foundation\\Application), Array)
#4 E:\\xampp\\htdocs\\laravelbasicwebsite\\vendor\\laravel\\framework\\src\\Illuminate\\Container\\Container.php(631): Illuminate\\Container\\Container->build(Object(Closure))
#5 E:\\xampp\\htdocs\\laravelbasicwebsite\\vendor\\laravel\\framework\\src\\Illuminate\\Container\\Container.php(586): Illuminate\\Container\\Container->resolve('encrypter', Array)
#6 E:\\xampp\\htdocs\\laravelbasicwebsite\\vendor\\laravel\\framework\\src\\Illuminate\\Foundation\\Application.php(732): Illuminate\\Container\\Container->make('encrypter', Array)
#7 E:\\xampp\\htdocs\\laravelbasicwebsite\\vendor\\laravel\\framework\\src\\Illuminate\\Container\\Container.php(885): Illuminate\\Foundation\\Application->make('encrypter')
#8 E:\\xampp\\htdocs\\laravelbasicwebsite\\vendor\\laravel\\framework\\src\\Illuminate\\Container\\Container.php(813): Illuminate\\Container\\Container->resolveClass(Object(ReflectionParameter))
#9 E:\\xampp\\htdocs\\laravelbasicwebsite\\vendor\\laravel\\framework\\src\\Illuminate\\Container\\Container.php(780): Illuminate\\Container\\Container->resolveDependencies(Array)
#10 E:\\xampp\\htdocs\\laravelbasicwebsite\\vendor\\laravel\\framework\\src\\Illuminate\\Container\\Container.php(631): Illuminate\\Container\\Container->build('App\\\\Http\\\\Middle...')
#11 E:\\xampp\\htdocs\\laravelbasicwebsite\\vendor\\laravel\\framework\\src\\Illuminate\\Container\\Container.php(586): Illuminate\\Container\\Container->resolve('App\\\\Http\\\\Middle...', Array)
#12 E:\\xampp\\htdocs\\laravelbasicwebsite\\vendor\\laravel\\framework\\src\\Illuminate\\Foundation\\Application.php(732): Illuminate\\Container\\Container->make('App\\\\Http\\\\Middle...', Array)
#13 E:\\xampp\\htdocs\\laravelbasicwebsite\\vendor\\laravel\\framework\\src\\Illuminate\\Pipeline\\Pipeline.php(138): Illuminate\\Foundation\\Application->make('App\\\\Http\\\\Middle...')
#14 E:\\xampp\\htdocs\\laravelbasicwebsite\\vendor\\laravel\\framework\\src\\Illuminate\\Routing\\Pipeline.php(53): Illuminate\\Pipeline\\Pipeline->Illuminate\\Pipeline\\{closure}(Object(Illuminate\\Http\\Request))
#15 E:\\xampp\\htdocs\\laravelbasicwebsite\\vendor\\laravel\\framework\\src\\Illuminate\\Pipeline\\Pipeline.php(102): Illuminate\\Routing\\Pipeline->Illuminate\\Routing\\{closure}(Object(Illuminate\\Http\\Request))
#16 E:\\xampp\\htdocs\\laravelbasicwebsite\\vendor\\laravel\\framework\\src\\Illuminate\\Routing\\Router.php(660): Illuminate\\Pipeline\\Pipeline->then(Object(Closure))
#17 E:\\xampp\\htdocs\\laravelbasicwebsite\\vendor\\laravel\\framework\\src\\Illuminate\\Routing\\Router.php(635): Illuminate\\Routing\\Router->runRouteWithinStack(Object(Illuminate\\Routing\\Route), Object(Illuminate\\Http\\Request))
#18 E:\\xampp\\htdocs\\laravelbasicwebsite\\vendor\\laravel\\framework\\src\\Illuminate\\Routing\\Router.php(601): Illuminate\\Routing\\Router->runRoute(Object(Illuminate\\Http\\Request), Object(Illuminate\\Routing\\Route))
#19 E:\\xampp\\htdocs\\laravelbasicwebsite\\vendor\\laravel\\framework\\src\\Illuminate\\Routing\\Router.php(590): Illuminate\\Routing\\Router->dispatchToRoute(Object(Illuminate\\Http\\Request))
#20 E:\\xampp\\htdocs\\laravelbasicwebsite\\vendor\\laravel\\framework\\src\\Illuminate\\Foundation\\Http\\Kernel.php(176): Illuminate\\Routing\\Router->dispatch(Object(Illuminate\\Http\\Request))
#21 E:\\xampp\\htdocs\\laravelbasicwebsite\\vendor\\laravel\\framework\\src\\Illuminate\\Routing\\Pipeline.php(30): Illuminate\\Foundation\\Http\\Kernel->Illuminate\\Foundation\\Http\\{closure}(Object(Illuminate\\Http\\Request))
#22 E:\\xampp\\htdocs\\laravelbasicwebsite\\vendor\\fideloper\\proxy\\src\\TrustProxies.php(56): Illuminate\\Routing\\Pipeline->Illuminate\\Routing\\{closure}(Object(Illuminate\\Http\\Request))
#23 E:\\xampp\\htdocs\\laravelbasicwebsite\\vendor\\laravel\\framework\\src\\Illuminate\\Pipeline\\Pipeline.php(149): Fideloper\\Proxy\\TrustProxies->handle(Object(Illuminate\\Http\\Request), Object(Closure))
#24 E:\\xampp\\htdocs\\laravelbasicwebsite\\vendor\\laravel\\framework\\src\\Illuminate\\Routing\\Pipeline.php(53): Illuminate\\Pipeline\\Pipeline->Illuminate\\Pipeline\\{closure}(Object(Illuminate\\Http\\Request))
#25 E:\\xampp\\htdocs\\laravelbasicwebsite\\vendor\\laravel\\framework\\src\\Illuminate\\Foundation\\Http\\Middleware\\TransformsRequest.php(30): Illuminate\\Routing\\Pipeline->Illuminate\\Routing\\{closure}(Object(Illuminate\\Http\\Request))
#26 E:\\xampp\\htdocs\\laravelbasicwebsite\\vendor\\laravel\\framework\\src\\Illuminate\\Pipeline\\Pipeline.php(149): Illuminate\\Foundation\\Http\\Middleware\\TransformsRequest->handle(Object(Illuminate\\Http\\Request), Object(Closure))
#27 E:\\xampp\\htdocs\\laravelbasicwebsite\\vendor\\laravel\\framework\\src\\Illuminate\\Routing\\Pipeline.php(53): Illuminate\\Pipeline\\Pipeline->Illuminate\\Pipeline\\{closure}(Object(Illuminate\\Http\\Request))
#28 E:\\xampp\\htdocs\\laravelbasicwebsite\\vendor\\laravel\\framework\\src\\Illuminate\\Foundation\\Http\\Middleware\\TransformsRequest.php(30): Illuminate\\Routing\\Pipeline->Illuminate\\Routing\\{closure}(Object(Illuminate\\Http\\Request))
#29 E:\\xampp\\htdocs\\laravelbasicwebsite\\vendor\\laravel\\framework\\src\\Illuminate\\Pipeline\\Pipeline.php(149): Illuminate\\Foundation\\Http\\Middleware\\TransformsRequest->handle(Object(Illuminate\\Http\\Request), Object(Closure))
#30 E:\\xampp\\htdocs\\laravelbasicwebsite\\vendor\\laravel\\framework\\src\\Illuminate\\Routing\\Pipeline.php(53): Illuminate\\Pipeline\\Pipeline->Illuminate\\Pipeline\\{closure}(Object(Illuminate\\Http\\Request))
#31 E:\\xampp\\htdocs\\laravelbasicwebsite\\vendor\\laravel\\framework\\src\\Illuminate\\Foundation\\Http\\Middleware\\ValidatePostSize.php(27): Illuminate\\Routing\\Pipeline->Illuminate\\Routing\\{closure}(Object(Illuminate\\Http\\Request))
#32 E:\\xampp\\htdocs\\laravelbasicwebsite\\vendor\\laravel\\framework\\src\\Illuminate\\Pipeline\\Pipeline.php(149): Illuminate\\Foundation\\Http\\Middleware\\ValidatePostSize->handle(Object(Illuminate\\Http\\Request), Object(Closure))
#33 E:\\xampp\\htdocs\\laravelbasicwebsite\\vendor\\laravel\\framework\\src\\Illuminate\\Routing\\Pipeline.php(53): Illuminate\\Pipeline\\Pipeline->Illuminate\\Pipeline\\{closure}(Object(Illuminate\\Http\\Request))
#34 E:\\xampp\\htdocs\\laravelbasicwebsite\\vendor\\laravel\\framework\\src\\Illuminate\\Foundation\\Http\\Middleware\\CheckForMaintenanceMode.php(46): Illuminate\\Routing\\Pipeline->Illuminate\\Routing\\{closure}(Object(Illuminate\\Http\\Request))
#35 E:\\xampp\\htdocs\\laravelbasicwebsite\\vendor\\laravel\\framework\\src\\Illuminate\\Pipeline\\Pipeline.php(149): Illuminate\\Foundation\\Http\\Middleware\\CheckForMaintenanceMode->handle(Object(Illuminate\\Http\\Request), Object(Closure))
#36 E:\\xampp\\htdocs\\laravelbasicwebsite\\vendor\\laravel\\framework\\src\\Illuminate\\Routing\\Pipeline.php(53): Illuminate\\Pipeline\\Pipeline->Illuminate\\Pipeline\\{closure}(Object(Illuminate\\Http\\Request))
#37 E:\\xampp\\htdocs\\laravelbasicwebsite\\vendor\\laravel\\framework\\src\\Illuminate\\Pipeline\\Pipeline.php(102): Illuminate\\Routing\\Pipeline->Illuminate\\Routing\\{closure}(Object(Illuminate\\Http\\Request))
#38 E:\\xampp\\htdocs\\laravelbasicwebsite\\vendor\\laravel\\framework\\src\\Illuminate\\Foundation\\Http\\Kernel.php(151): Illuminate\\Pipeline\\Pipeline->then(Object(Closure))
#39 E:\\xampp\\htdocs\\laravelbasicwebsite\\vendor\\laravel\\framework\\src\\Illuminate\\Foundation\\Http\\Kernel.php(116): Illuminate\\Foundation\\Http\\Kernel->sendRequestThroughRouter(Object(Illuminate\\Http\\Request))
#40 E:\\xampp\\htdocs\\laravelbasicwebsite\\public\\index.php(55): Illuminate\\Foundation\\Http\\Kernel->handle(Object(Illuminate\\Http\\Request))
#41 {main}
"} 
[2018-01-12 10:29:41] production.ERROR: No application encryption key has been specified. {"exception":"[object] (RuntimeException(code: 0): No application encryption key has been specified. at E:\\xampp\\htdocs\\laravelbasicwebsite\\vendor\\laravel\\framework\\src\\Illuminate\\Encryption\\EncryptionServiceProvider.php:42)
[stacktrace]
#0 E:\\xampp\\htdocs\\laravelbasicwebsite\\vendor\\laravel\\framework\\src\\Illuminate\\Support\\helpers.php(1035): Illuminate\\Encryption\\EncryptionServiceProvider->Illuminate\\Encryption\\{closure}(NULL)
#1 E:\\xampp\\htdocs\\laravelbasicwebsite\\vendor\\laravel\\framework\\src\\Illuminate\\Encryption\\EncryptionServiceProvider.php(46): tap(NULL, Object(Closure))
#2 E:\\xampp\\htdocs\\laravelbasicwebsite\\vendor\\laravel\\framework\\src\\Illuminate\\Encryption\\EncryptionServiceProvider.php(24): Illuminate\\Encryption\\EncryptionServiceProvider->key(Array)
#3 E:\\xampp\\htdocs\\laravelbasicwebsite\\vendor\\laravel\\framework\\src\\Illuminate\\Container\\Container.php(749): Illuminate\\Encryption\\EncryptionServiceProvider->Illuminate\\Encryption\\{closure}(Object(Illuminate\\Foundation\\Application), Array)
#4 E:\\xampp\\htdocs\\laravelbasicwebsite\\vendor\\laravel\\framework\\src\\Illuminate\\Container\\Container.php(631): Illuminate\\Container\\Container->build(Object(Closure))
#5 E:\\xampp\\htdocs\\laravelbasicwebsite\\vendor\\laravel\\framework\\src\\Illuminate\\Container\\Container.php(586): Illuminate\\Container\\Container->resolve('encrypter', Array)
#6 E:\\xampp\\htdocs\\laravelbasicwebsite\\vendor\\laravel\\framework\\src\\Illuminate\\Foundation\\Application.php(732): Illuminate\\Container\\Container->make('encrypter', Array)
#7 E:\\xampp\\htdocs\\laravelbasicwebsite\\vendor\\laravel\\framework\\src\\Illuminate\\Container\\Container.php(885): Illuminate\\Foundation\\Application->make('encrypter')
#8 E:\\xampp\\htdocs\\laravelbasicwebsite\\vendor\\laravel\\framework\\src\\Illuminate\\Container\\Container.php(813): Illuminate\\Container\\Container->resolveClass(Object(ReflectionParameter))
#9 E:\\xampp\\htdocs\\laravelbasicwebsite\\vendor\\laravel\\framework\\src\\Illuminate\\Container\\Container.php(780): Illuminate\\Container\\Container->resolveDependencies(Array)
#10 E:\\xampp\\htdocs\\laravelbasicwebsite\\vendor\\laravel\\framework\\src\\Illuminate\\Container\\Container.php(631): Illuminate\\Container\\Container->build('App\\\\Http\\\\Middle...')
#11 E:\\xampp\\htdocs\\laravelbasicwebsite\\vendor\\laravel\\framework\\src\\Illuminate\\Container\\Container.php(586): Illuminate\\Container\\Container->resolve('App\\\\Http\\\\Middle...', Array)
#12 E:\\xampp\\htdocs\\laravelbasicwebsite\\vendor\\laravel\\framework\\src\\Illuminate\\Foundation\\Application.php(732): Illuminate\\Container\\Container->make('App\\\\Http\\\\Middle...', Array)
#13 E:\\xampp\\htdocs\\laravelbasicwebsite\\vendor\\laravel\\framework\\src\\Illuminate\\Foundation\\Http\\Kernel.php(215): Illuminate\\Foundation\\Application->make('App\\\\Http\\\\Middle...')
#14 E:\\xampp\\htdocs\\laravelbasicwebsite\\vendor\\laravel\\framework\\src\\Illuminate\\Foundation\\Http\\Kernel.php(189): Illuminate\\Foundation\\Http\\Kernel->terminateMiddleware(Object(Illuminate\\Http\\Request), Object(Illuminate\\Http\\Response))
#15 E:\\xampp\\htdocs\\laravelbasicwebsite\\public\\index.php(60): Illuminate\\Foundation\\Http\\Kernel->terminate(Object(Illuminate\\Http\\Request), Object(Illuminate\\Http\\Response))
#16 {main}
"} 
[2018-01-12 10:32:51] production.ERROR: file_get_contents(E:\xampp\htdocs\laravelbasicwebsite/.env): failed to open stream: No such file or directory {"exception":"[object] (ErrorException(code: 0): file_get_contents(E:\\xampp\\htdocs\\laravelbasicwebsite/.env): failed to open stream: No such file or directory at E:\\xampp\\htdocs\\laravelbasicwebsite\\vendor\\laravel\\framework\\src\\Illuminate\\Foundation\\Console\\KeyGenerateCommand.php:96)
[stacktrace]
#0 [internal function]: Illuminate\\Foundation\\Bootstrap\\HandleExceptions->handleError(2, 'file_get_conten...', 'E:\\\\xampp\\\\htdocs...', 96, Array)
#1 E:\\xampp\\htdocs\\laravelbasicwebsite\\vendor\\laravel\\framework\\src\\Illuminate\\Foundation\\Console\\KeyGenerateCommand.php(96): file_get_contents('E:\\\\xampp\\\\htdocs...')
#2 E:\\xampp\\htdocs\\laravelbasicwebsite\\vendor\\laravel\\framework\\src\\Illuminate\\Foundation\\Console\\KeyGenerateCommand.php(80): Illuminate\\Foundation\\Console\\KeyGenerateCommand->writeNewEnvironmentFileWith('base64:k4SWKCni...')
#3 E:\\xampp\\htdocs\\laravelbasicwebsite\\vendor\\laravel\\framework\\src\\Illuminate\\Foundation\\Console\\KeyGenerateCommand.php(45): Illuminate\\Foundation\\Console\\KeyGenerateCommand->setKeyInEnvironmentFile('base64:k4SWKCni...')
#4 [internal function]: Illuminate\\Foundation\\Console\\KeyGenerateCommand->handle()
#5 E:\\xampp\\htdocs\\laravelbasicwebsite\\vendor\\laravel\\framework\\src\\Illuminate\\Container\\BoundMethod.php(29): call_user_func_array(Array, Array)
#6 E:\\xampp\\htdocs\\laravelbasicwebsite\\vendor\\laravel\\framework\\src\\Illuminate\\Container\\BoundMethod.php(87): Illuminate\\Container\\BoundMethod::Illuminate\\Container\\{closure}()
#7 E:\\xampp\\htdocs\\laravelbasicwebsite\\vendor\\laravel\\framework\\src\\Illuminate\\Container\\BoundMethod.php(31): Illuminate\\Container\\BoundMethod::callBoundMethod(Object(Illuminate\\Foundation\\Application), Array, Object(Closure))
#8 E:\\xampp\\htdocs\\laravelbasicwebsite\\vendor\\laravel\\framework\\src\\Illuminate\\Container\\Container.php(549): Illuminate\\Container\\BoundMethod::call(Object(Illuminate\\Foundation\\Application), Array, Array, NULL)
#9 E:\\xampp\\htdocs\\laravelbasicwebsite\\vendor\\laravel\\framework\\src\\Illuminate\\Console\\Command.php(183): Illuminate\\Container\\Container->call(Array)
#10 E:\\xampp\\htdocs\\laravelbasicwebsite\\vendor\\symfony\\console\\Command\\Command.php(252): Illuminate\\Console\\Command->execute(Object(Symfony\\Component\\Console\\Input\\ArgvInput), Object(Illuminate\\Console\\OutputStyle))
#11 E:\\xampp\\htdocs\\laravelbasicwebsite\\vendor\\laravel\\framework\\src\\Illuminate\\Console\\Command.php(170): Symfony\\Component\\Console\\Command\\Command->run(Object(Symfony\\Component\\Console\\Input\\ArgvInput), Object(Illuminate\\Console\\OutputStyle))
#12 E:\\xampp\\htdocs\\laravelbasicwebsite\\vendor\\symfony\\console\\Application.php(938): Illuminate\\Console\\Command->run(Object(Symfony\\Component\\Console\\Input\\ArgvInput), Object(Symfony\\Component\\Console\\Output\\ConsoleOutput))
#13 E:\\xampp\\htdocs\\laravelbasicwebsite\\vendor\\symfony\\console\\Application.php(240): Symfony\\Component\\Console\\Application->doRunCommand(Object(Illuminate\\Foundation\\Console\\KeyGenerateCommand), Object(Symfony\\Component\\Console\\Input\\ArgvInput), Object(Symfony\\Component\\Console\\Output\\ConsoleOutput))
#14 E:\\xampp\\htdocs\\laravelbasicwebsite\\vendor\\symfony\\console\\Application.php(148): Symfony\\Component\\Console\\Application->doRun(Object(Symfony\\Component\\Console\\Input\\ArgvInput), Object(Symfony\\Component\\Console\\Output\\ConsoleOutput))
#15 E:\\xampp\\htdocs\\laravelbasicwebsite\\vendor\\laravel\\framework\\src\\Illuminate\\Console\\Application.php(88): Symfony\\Component\\Console\\Application->run(Object(Symfony\\Component\\Console\\Input\\ArgvInput), Object(Symfony\\Component\\Console\\Output\\ConsoleOutput))
#16 E:\\xampp\\htdocs\\laravelbasicwebsite\\vendor\\laravel\\framework\\src\\Illuminate\\Foundation\\Console\\Kernel.php(121): Illuminate\\Console\\Application->run(Object(Symfony\\Component\\Console\\Input\\ArgvInput), Object(Symfony\\Component\\Console\\Output\\ConsoleOutput))
#17 E:\\xampp\\htdocs\\laravelbasicwebsite\\artisan(37): Illuminate\\Foundation\\Console\\Kernel->handle(Object(Symfony\\Component\\Console\\Input\\ArgvInput), Object(Symfony\\Component\\Console\\Output\\ConsoleOutput))
#18 {main}
"} 
